Creating directories for groups:
Processing the input file:
Moving CSV files to the destination directory:

------------------------------------------------------------
Sender: LSF System <lsfadmin@node-13-09>
Subject: Job 23196559: <separate_cnv_table> in cluster <farm5> Done

Job <separate_cnv_table> was submitted from host <farm5-head1> by user <jn11> in cluster <farm5> at Wed May 10 13:40:24 2023
Job was executed on host(s) <10*node-13-09>, in queue <normal>, as user <jn11> in cluster <farm5> at Wed May 10 13:40:31 2023
</nfs/users/nfs_j/jn11> was used as the home directory.
</nfs/users/nfs_j/jn11/my_lustre/cnv_calls/CNV_funestus/scripts> was used as the working directory.
Started at Wed May 10 13:40:31 2023
Terminated at Wed May 10 14:45:03 2023
Results reported at Wed May 10 14:45:03 2023

Your job looked like:

------------------------------------------------------------
# LSBATCH: User input
#!/bin/bash
#BSUB -J separate_cnv_table
#BSUB -o separate_cnv_table.out
#BSUB -e separate_cnv_table.err
#BSUB -n 10
#BSUB -M 10000
#BSUB -R "select[mem>10000] rusage[mem=10000]"
#BSUB -q "normal"

# Define suffix
suffix="v1.0_"
# Define path to mapper file
MAPPER_FILE="/nfs/users/nfs_j/jn11/my_lustre/analysis/sample_set_mapper.csv"
# Define input file name
INPUT_FILE="/nfs/users/nfs_j/jn11/my_lustre/analysis/v1.0_afun/coverage_archive/full_raw_CNV_table.csv"
# Define output directory
DESTINATION_DIR="/nfs/users/nfs_j/jn11/my_lustre/analysis" #/$suffix$GROUP
# Define working directory
WORKING_DIR="/nfs/users/nfs_j/jn11/my_lustre/analysis/v1.0_afun/coverage_archive"

# Store the header of the INPUT_FILE
HEADER=$(head -n 1 "$INPUT_FILE")

# Create a temporary file
TMP_FILE=$(mktemp)

# Create a CSV file for each group in the working directory
echo "Creating directories for groups:"
cut -d ',' -f1 "$MAPPER_FILE" | tail -n +2 | sort | uniq | while read -r GROUP; do
  # Add the header to each CSV file
  echo "$HEADER" > "$WORKING_DIR/$GROUP.csv"
done

# Process the input file and distribute lines to appropriate CSV files
echo "Processing the input file:"
while IFS=$'\t' read -r LINE; do
  # Extract the ID from the first column
  ID=$(echo "$LINE" | cut -d ',' -f1 | cut -d ':' -f1)

  # Look for a matching group in the mapper file
  GROUP=$(grep ",$ID$" "$MAPPER_FILE" | cut -d ',' -f1)

  # If a matching group was found, append the line to the corresponding CSV file
  if [ -n "$GROUP" ]; then
    echo "${LINE%$'\t'*}" >> "$WORKING_DIR/$GROUP.csv"
  else
    # If no matching group was found, append the line to all CSV files (including those without a group)
    echo "${LINE%$'\t'*}" >> "$WORKING_DIR/.csv"
  fi
done < "$INPUT_FILE" > "$TMP_FILE"

(... more ...)
------------------------------------------------------------

Successfully completed.

Resource usage summary:

    CPU time :                                   3524.00 sec.
    Max Memory :                                 8 MB
    Average Memory :                             7.01 MB
    Total Requested Memory :                     10000.00 MB
    Delta Memory :                               9992.00 MB
    Max Swap :                                   -
    Max Processes :                              7
    Max Threads :                                8
    Run time :                                   3871 sec.
    Turnaround time :                            3879 sec.

The output (if any) is above this job summary.



PS:

Read file <separate_cnv_table.err> for stderr output of this job.

