
------------------------------------------------------------
Sender: LSF System <lsfadmin@node-11-5-4>
Subject: Job 898497: </nfs/users/nfs_e/el10/scripts/CNV_scripts/scripts/join_CNV_output_files.sh phase3_cnv> in cluster <farm5> Done

Job </nfs/users/nfs_e/el10/scripts/CNV_scripts/scripts/join_CNV_output_files.sh phase3_cnv> was submitted from host <farm5-head1> by user <el10> in cluster <farm5> at Wed Nov 11 10:13:56 2020
Job was executed on host(s) <node-11-5-4>, in queue <normal>, as user <el10> in cluster <farm5> at Wed Nov 11 10:14:02 2020
</nfs/users/nfs_e/el10> was used as the home directory.
</nfs/users/nfs_e/el10/scripts/CNV_scripts/scripts> was used as the working directory.
Started at Wed Nov 11 10:14:02 2020
Terminated at Wed Nov 11 10:14:27 2020
Results reported at Wed Nov 11 10:14:27 2020

Your job looked like:

------------------------------------------------------------
# LSBATCH: User input
/nfs/users/nfs_e/el10/scripts/CNV_scripts/scripts/join_CNV_output_files.sh phase3_cnv
------------------------------------------------------------

Successfully completed.

Resource usage summary:

    CPU time :                                   17.43 sec.
    Max Memory :                                 11 MB
    Average Memory :                             1.83 MB
    Total Requested Memory :                     1000.00 MB
    Delta Memory :                               989.00 MB
    Max Swap :                                   -
    Max Processes :                              4
    Max Threads :                                5
    Run time :                                   37 sec.
    Turnaround time :                            31 sec.

The output (if any) is above this job summary.



PS:

Read file <temp.error> for stderr output of this job.


------------------------------------------------------------
Sender: LSF System <lsfadmin@node-10-5-4>
Subject: Job 900257: </nfs/users/nfs_e/el10/scripts/CNV_scripts/scripts/join_CNV_output_files.sh phase3_cnv> in cluster <farm5> Exited

Job </nfs/users/nfs_e/el10/scripts/CNV_scripts/scripts/join_CNV_output_files.sh phase3_cnv> was submitted from host <farm5-head1> by user <el10> in cluster <farm5> at Wed Nov 11 10:19:02 2020
Job was executed on host(s) <node-10-5-4>, in queue <normal>, as user <el10> in cluster <farm5> at Wed Nov 11 10:19:04 2020
</nfs/users/nfs_e/el10> was used as the home directory.
</nfs/users/nfs_e/el10/scripts/CNV_scripts/scripts> was used as the working directory.
Started at Wed Nov 11 10:19:04 2020
Terminated at Wed Nov 11 10:19:17 2020
Results reported at Wed Nov 11 10:19:17 2020

Your job looked like:

------------------------------------------------------------
# LSBATCH: User input
/nfs/users/nfs_e/el10/scripts/CNV_scripts/scripts/join_CNV_output_files.sh phase3_cnv
------------------------------------------------------------

TERM_MEMLIMIT: job killed after reaching LSF memory usage limit.
Exited with signal termination: 9.

Resource usage summary:

    CPU time :                                   4.00 sec.
    Max Memory :                                 100 MB
    Average Memory :                             0.75 MB
    Total Requested Memory :                     -
    Delta Memory :                               -
    Max Swap :                                   -
    Max Processes :                              4
    Max Threads :                                5
    Run time :                                   15 sec.
    Turnaround time :                            15 sec.

The output (if any) is above this job summary.



PS:

Read file <temp.error> for stderr output of this job.


------------------------------------------------------------
Sender: LSF System <lsfadmin@node-10-3-4>
Subject: Job 901091: </nfs/users/nfs_e/el10/scripts/CNV_scripts/scripts/join_CNV_output_files.sh phase3_cnv> in cluster <farm5> Done

Job </nfs/users/nfs_e/el10/scripts/CNV_scripts/scripts/join_CNV_output_files.sh phase3_cnv> was submitted from host <farm5-head1> by user <el10> in cluster <farm5> at Wed Nov 11 10:21:05 2020
Job was executed on host(s) <node-10-3-4>, in queue <normal>, as user <el10> in cluster <farm5> at Wed Nov 11 10:21:06 2020
</nfs/users/nfs_e/el10> was used as the home directory.
</nfs/users/nfs_e/el10/scripts/CNV_scripts/scripts> was used as the working directory.
Started at Wed Nov 11 10:21:06 2020
Terminated at Wed Nov 11 10:21:25 2020
Results reported at Wed Nov 11 10:21:25 2020

Your job looked like:

------------------------------------------------------------
# LSBATCH: User input
/nfs/users/nfs_e/el10/scripts/CNV_scripts/scripts/join_CNV_output_files.sh phase3_cnv
------------------------------------------------------------

Successfully completed.

Resource usage summary:

    CPU time :                                   16.38 sec.
    Max Memory :                                 11 MB
    Average Memory :                             0.80 MB
    Total Requested Memory :                     1000.00 MB
    Delta Memory :                               989.00 MB
    Max Swap :                                   -
    Max Processes :                              4
    Max Threads :                                5
    Run time :                                   19 sec.
    Turnaround time :                            20 sec.

The output (if any) is above this job summary.



PS:

Read file <temp.error> for stderr output of this job.


------------------------------------------------------------
Sender: LSF System <lsfadmin@pcs6-os0000010>
Subject: Job 477248: </nfs/users/nfs_e/el10/scripts/CNV_scripts/scripts/join_CNV_output_files.sh phase3_cnv> in cluster <pcs6> Done

Job </nfs/users/nfs_e/el10/scripts/CNV_scripts/scripts/join_CNV_output_files.sh phase3_cnv> was submitted from host <pcs6-head1> by user <el10> in cluster <pcs6> at Fri Dec 11 08:40:58 2020
Job was executed on host(s) <pcs6-os0000010>, in queue <normal>, as user <el10> in cluster <pcs6> at Fri Dec 11 08:41:28 2020
</nfs/users/nfs_e/el10> was used as the home directory.
</nfs/users/nfs_e/el10/scripts/CNV_scripts/scripts> was used as the working directory.
Started at Fri Dec 11 08:41:28 2020
Terminated at Fri Dec 11 08:42:02 2020
Results reported at Fri Dec 11 08:42:02 2020

Your job looked like:

------------------------------------------------------------
# LSBATCH: User input
/nfs/users/nfs_e/el10/scripts/CNV_scripts/scripts/join_CNV_output_files.sh phase3_cnv
------------------------------------------------------------

Successfully completed.

Resource usage summary:

    CPU time :                                   18.08 sec.
    Max Memory :                                 11 MB
    Average Memory :                             7.57 MB
    Total Requested Memory :                     1000.00 MB
    Delta Memory :                               989.00 MB
    Max Swap :                                   -
    Max Processes :                              4
    Max Threads :                                5
    Run time :                                   33 sec.
    Turnaround time :                            64 sec.

The output (if any) is above this job summary.



PS:

Read file <temp.error> for stderr output of this job.


------------------------------------------------------------
Sender: LSF System <lsfadmin@node-12-2-2>
Subject: Job 285390: <./join_species_coverage_variance_files_vobs.sh phase3_crosses_cnv> in cluster <farm5> Done

Job <./join_species_coverage_variance_files_vobs.sh phase3_crosses_cnv> was submitted from host <farm5-head1> by user <el10> in cluster <farm5> at Wed Mar 10 14:10:51 2021
Job was executed on host(s) <node-12-2-2>, in queue <normal>, as user <el10> in cluster <farm5> at Wed Mar 10 14:10:51 2021
</nfs/users/nfs_e/el10> was used as the home directory.
</nfs/users/nfs_e/el10/scripts/CNV_scripts/scripts> was used as the working directory.
Started at Wed Mar 10 14:10:51 2021
Terminated at Wed Mar 10 14:10:52 2021
Results reported at Wed Mar 10 14:10:52 2021

Your job looked like:

------------------------------------------------------------
# LSBATCH: User input
./join_species_coverage_variance_files_vobs.sh phase3_crosses_cnv
------------------------------------------------------------

Successfully completed.

Resource usage summary:

    CPU time :                                   0.04 sec.
    Max Memory :                                 -
    Average Memory :                             -
    Total Requested Memory :                     -
    Delta Memory :                               -
    Max Swap :                                   -
    Max Processes :                              -
    Max Threads :                                -
    Run time :                                   0 sec.
    Turnaround time :                            1 sec.

The output (if any) is above this job summary.



PS:

Read file <temp.error> for stderr output of this job.


------------------------------------------------------------
Sender: LSF System <lsfadmin@node-10-4-2>
Subject: Job 302491: <./join_CNV_output_files_vobs.sh phase3_crosses_cnv> in cluster <farm5> Done

Job <./join_CNV_output_files_vobs.sh phase3_crosses_cnv> was submitted from host <farm5-head2> by user <el10> in cluster <farm5> at Wed Mar 10 19:57:45 2021
Job was executed on host(s) <node-10-4-2>, in queue <normal>, as user <el10> in cluster <farm5> at Wed Mar 10 19:57:45 2021
</nfs/users/nfs_e/el10> was used as the home directory.
</nfs/users/nfs_e/el10/scripts/CNV_scripts/scripts> was used as the working directory.
Started at Wed Mar 10 19:57:45 2021
Terminated at Wed Mar 10 19:58:06 2021
Results reported at Wed Mar 10 19:58:06 2021

Your job looked like:

------------------------------------------------------------
# LSBATCH: User input
./join_CNV_output_files_vobs.sh phase3_crosses_cnv
------------------------------------------------------------

Successfully completed.

Resource usage summary:

    CPU time :                                   13.46 sec.
    Max Memory :                                 7 MB
    Average Memory :                             7.00 MB
    Total Requested Memory :                     1000.00 MB
    Delta Memory :                               993.00 MB
    Max Swap :                                   -
    Max Processes :                              4
    Max Threads :                                5
    Run time :                                   20 sec.
    Turnaround time :                            21 sec.

The output (if any) is above this job summary.



PS:

Read file <temp.error> for stderr output of this job.


------------------------------------------------------------
Sender: LSF System <lsfadmin@node-12-5-2>
Subject: Job 578313: <./join_species_coverage_variance_files_vobs.sh phase3_crosses_cnv> in cluster <farm5> Done

Job <./join_species_coverage_variance_files_vobs.sh phase3_crosses_cnv> was submitted from host <farm5-head1> by user <el10> in cluster <farm5> at Sat Mar 13 15:42:39 2021
Job was executed on host(s) <node-12-5-2>, in queue <normal>, as user <el10> in cluster <farm5> at Sat Mar 13 15:42:40 2021
</nfs/users/nfs_e/el10> was used as the home directory.
</nfs/users/nfs_e/el10/scripts/CNV_scripts/scripts> was used as the working directory.
Started at Sat Mar 13 15:42:40 2021
Terminated at Sat Mar 13 15:42:43 2021
Results reported at Sat Mar 13 15:42:43 2021

Your job looked like:

------------------------------------------------------------
# LSBATCH: User input
./join_species_coverage_variance_files_vobs.sh phase3_crosses_cnv
------------------------------------------------------------

Successfully completed.

Resource usage summary:

    CPU time :                                   0.04 sec.
    Max Memory :                                 -
    Average Memory :                             -
    Total Requested Memory :                     -
    Delta Memory :                               -
    Max Swap :                                   -
    Max Processes :                              -
    Max Threads :                                -
    Run time :                                   2 sec.
    Turnaround time :                            4 sec.

The output (if any) is above this job summary.



PS:

Read file <temp.error> for stderr output of this job.


------------------------------------------------------------
Sender: LSF System <lsfadmin@node-11-4-2>
Subject: Job 578962: <./join_CNV_output_files_vobs.sh phase3_crosses_cnv> in cluster <farm5> Done

Job <./join_CNV_output_files_vobs.sh phase3_crosses_cnv> was submitted from host <farm5-head2> by user <el10> in cluster <farm5> at Sat Mar 13 19:29:30 2021
Job was executed on host(s) <node-11-4-2>, in queue <normal>, as user <el10> in cluster <farm5> at Sat Mar 13 19:29:32 2021
</nfs/users/nfs_e/el10> was used as the home directory.
</nfs/users/nfs_e/el10/scripts/CNV_scripts/scripts> was used as the working directory.
Started at Sat Mar 13 19:29:32 2021
Terminated at Sat Mar 13 19:29:36 2021
Results reported at Sat Mar 13 19:29:36 2021

Your job looked like:

------------------------------------------------------------
# LSBATCH: User input
./join_CNV_output_files_vobs.sh phase3_crosses_cnv
------------------------------------------------------------

Successfully completed.

Resource usage summary:

    CPU time :                                   1.35 sec.
    Max Memory :                                 7 MB
    Average Memory :                             7.00 MB
    Total Requested Memory :                     1000.00 MB
    Delta Memory :                               993.00 MB
    Max Swap :                                   -
    Max Processes :                              4
    Max Threads :                                5
    Run time :                                   5 sec.
    Turnaround time :                            6 sec.

The output (if any) is above this job summary.



PS:

Read file <temp.error> for stderr output of this job.

